<?xml version="1.0" encoding="UTF-8"?>
<testng-results skipped="0" failed="0" ignored="0" total="2" passed="2">
  <reporter-output>
  </reporter-output>
  <suite name="Default suite" duration-ms="18825" started-at="2020-12-14T20:30:19 CST" finished-at="2020-12-14T20:30:38 CST">
    <groups>
    </groups>
    <test name="Default test" duration-ms="18825" started-at="2020-12-14T20:30:19 CST" finished-at="2020-12-14T20:30:38 CST">
      <class name="conceptTestNG.CrmTestNG">
        <test-method status="PASS" signature="launchBrowser()[pri:0, instance:conceptTestNG.CrmTestNG@1f554b06]" name="launchBrowser" is-config="true" duration-ms="7231" started-at="2020-12-14T20:30:19 CST" finished-at="2020-12-14T20:30:27 CST">
          <reporter-output>
          </reporter-output>
        </test-method> <!-- launchBrowser -->
        <test-method status="PASS" signature="loginTest3()[pri:1, instance:conceptTestNG.CrmTestNG@1f554b06]" name="loginTest3" duration-ms="3493" started-at="2020-12-14T20:30:27 CST" finished-at="2020-12-14T20:30:30 CST">
          <reporter-output>
          </reporter-output>
        </test-method> <!-- loginTest3 -->
        <test-method status="PASS" signature="tearDown()[pri:0, instance:conceptTestNG.CrmTestNG@1f554b06]" name="tearDown" is-config="true" duration-ms="66" started-at="2020-12-14T20:30:30 CST" finished-at="2020-12-14T20:30:30 CST">
          <reporter-output>
          </reporter-output>
        </test-method> <!-- tearDown -->
        <test-method status="PASS" signature="launchBrowser()[pri:0, instance:conceptTestNG.CrmTestNG@1f554b06]" name="launchBrowser" is-config="true" duration-ms="6122" started-at="2020-12-14T20:30:30 CST" finished-at="2020-12-14T20:30:36 CST">
          <reporter-output>
          </reporter-output>
        </test-method> <!-- launchBrowser -->
        <test-method status="PASS" signature="loginTest1()[pri:2, instance:conceptTestNG.CrmTestNG@1f554b06]" name="loginTest1" duration-ms="1812" started-at="2020-12-14T20:30:36 CST" finished-at="2020-12-14T20:30:38 CST">
          <reporter-output>
          </reporter-output>
        </test-method> <!-- loginTest1 -->
        <test-method status="PASS" signature="tearDown()[pri:0, instance:conceptTestNG.CrmTestNG@1f554b06]" name="tearDown" is-config="true" duration-ms="56" started-at="2020-12-14T20:30:38 CST" finished-at="2020-12-14T20:30:38 CST">
          <reporter-output>
          </reporter-output>
        </test-method> <!-- tearDown -->
      </class> <!-- conceptTestNG.CrmTestNG -->
    </test> <!-- Default test -->
  </suite> <!-- Default suite -->
</testng-results>
